<?xml version="1.0" encoding="UTF-8"?>
<testsuite name="WizardTD.GameTest" tests="2" skipped="0" failures="0" errors="0" timestamp="2023-10-27T12:44:25" hostname="liam-macbook.shared.sydney.edu.au" time="0.005">
  <properties/>
  <testcase name="invaidUpgrades()" classname="WizardTD.GameTest" time="0.002"/>
  <testcase name="invalidTower()" classname="WizardTD.GameTest" time="0.002"/>
  <system-out><![CDATA[]]></system-out>
  <system-err><![CDATA[]]></system-err>
</testsuite>
