<?xml version="1.0" encoding="UTF-8"?>
<testsuite name="WizardTD.TileTest" tests="13" skipped="0" failures="0" errors="0" timestamp="2023-10-27T12:44:25" hostname="liam-macbook.shared.sydney.edu.au" time="0.032">
  <properties/>
  <testcase name="creatingWizardTile()" classname="WizardTD.TileTest" time="0.001"/>
  <testcase name="traversalStateFalse()" classname="WizardTD.TileTest" time="0.001"/>
  <testcase name="tileLocations()" classname="WizardTD.TileTest" time="0.005"/>
  <testcase name="walkableState()" classname="WizardTD.TileTest" time="0.0"/>
  <testcase name="walkableStateTrue()" classname="WizardTD.TileTest" time="0.001"/>
  <testcase name="creatingShrubTile()" classname="WizardTD.TileTest" time="0.001"/>
  <testcase name="notWizardHouse()" classname="WizardTD.TileTest" time="0.001"/>
  <testcase name="traversalStateTrue()" classname="WizardTD.TileTest" time="0.001"/>
  <testcase name="creatingTowerTile()" classname="WizardTD.TileTest" time="0.001"/>
  <testcase name="creatingPathTile()" classname="WizardTD.TileTest" time="0.001"/>
  <testcase name="pixelLocations()" classname="WizardTD.TileTest" time="0.001"/>
  <testcase name="creatingGrassTile()" classname="WizardTD.TileTest" time="0.002"/>
  <testcase name="noTower()" classname="WizardTD.TileTest" time="0.001"/>
  <system-out><![CDATA[]]></system-out>
  <system-err><![CDATA[]]></system-err>
</testsuite>
